[main] DEBUG javaexe.Employee  - entering setDep(int)
[main] DEBUG javaexe.Employee  - dep: 90
[main] DEBUG javaexe.Employee  - exiting setDep()
[main] DEBUG javaexe.EmployeJDBCImpl  - exiting findEmployee()
[main] DEBUG javaexe.Employee  - entering toString()
[main] DEBUG javaexe.Employee  - exiting toString()
[main] DEBUG javaexe.Employee  - returning: Employee [empid=100, name=Steven, salary=24200.0, date=2003-06-17, dep=90]
[main] DEBUG javaexe.EmployeJDBCImpl  - returning: Employee [empid=100, name=Steven, salary=24200.0, date=2003-06-17, dep=90]
[main] DEBUG javaexe.Employee  - entering getEmpid()
[main] DEBUG javaexe.Employee  - exiting getEmpid()
[main] DEBUG javaexe.Employee  - returning: 100
[main] DEBUG javaexe.Employee  - entering getName()
[main] DEBUG javaexe.Employee  - exiting getName()
[main] DEBUG javaexe.Employee  - returning: Steven
[main] DEBUG javaexe.Employee  - entering getSalary()
[main] DEBUG javaexe.Employee  - exiting getSalary()
[main] DEBUG javaexe.Employee  - returning: 24200.0
[main] DEBUG javaexe.Employee  - entering getDate()
[main] DEBUG javaexe.Employee  - exiting getDate()
[main] DEBUG javaexe.Employee  - returning: 2003-06-17
[main] DEBUG javaexe.Employee  - entering getDep()
[main] DEBUG javaexe.Employee  - exiting getDep()
[main] DEBUG javaexe.Employee  - returning: 90
[main] DEBUG javaexe.EmployeJDBCImpl  - entering findEmployee(int)
[main] DEBUG javaexe.EmployeJDBCImpl  - empid: 101
[main] DEBUG javaexe.Employee  - entering setEmpid(int)
[main] DEBUG javaexe.Employee  - empid: 101
[main] DEBUG javaexe.Employee  - exiting setEmpid()
[main] DEBUG javaexe.Employee  - entering setName(String)
[main] DEBUG javaexe.Employee  - name: "Neena"
[main] DEBUG javaexe.Employee  - exiting setName()
[main] DEBUG javaexe.Employee  - entering setSalary(double)
[main] DEBUG javaexe.Employee  - salary: 17000.0
[main] DEBUG javaexe.Employee  - exiting setSalary()
[main] DEBUG javaexe.Employee  - entering setDate(LocalDate)
[main] DEBUG javaexe.Employee  - date: 2005-09-21
[main] DEBUG javaexe.Employee  - exiting setDate()
[main] DEBUG javaexe.Employee  - entering setDep(int)
[main] DEBUG javaexe.Employee  - dep: 90
[main] DEBUG javaexe.Employee  - exiting setDep()
[main] DEBUG javaexe.EmployeJDBCImpl  - exiting findEmployee()
[main] DEBUG javaexe.Employee  - entering toString()
[main] DEBUG javaexe.Employee  - exiting toString()
[main] DEBUG javaexe.Employee  - returning: Employee [empid=101, name=Neena, salary=17000.0, date=2005-09-21, dep=90]
[main] DEBUG javaexe.EmployeJDBCImpl  - returning: Employee [empid=101, name=Neena, salary=17000.0, date=2005-09-21, dep=90]
[main] DEBUG javaexe.Employee  - entering getEmpid()
[main] DEBUG javaexe.Employee  - exiting getEmpid()
[main] DEBUG javaexe.Employee  - returning: 101
[main] DEBUG javaexe.Employee  - entering getName()
[main] DEBUG javaexe.Employee  - exiting getName()
[main] DEBUG javaexe.Employee  - returning: Neena
[main] DEBUG javaexe.Employee  - entering getSalary()
[main] DEBUG javaexe.Employee  - exiting getSalary()
[main] DEBUG javaexe.Employee  - returning: 17000.0
[main] DEBUG javaexe.Employee  - entering getDate()
[main] DEBUG javaexe.Employee  - exiting getDate()
[main] DEBUG javaexe.Employee  - returning: 2005-09-21
[main] DEBUG javaexe.Employee  - entering getDep()
[main] DEBUG javaexe.Employee  - exiting getDep()
[main] DEBUG javaexe.Employee  - returning: 90
